<?xml version="1.0" encoding="UTF-8"?>
<!-- Generated by org.testng.reporters.JUnitReportReporter -->
<testsuite hostname="DESKTOP-7UATLC7" failures="0" tests="2" name="Khus.Khushbu" time="13.594" errors="0" timestamp="2023-08-24T12:33:37 IST" skipped="0">
  <testcase classname="Khus.Khushbu" name="GooglePixeldetails" time="7.878"/>
  <testcase classname="Khus.Khushbu" name="OpenCart" time="5.716"/>
</testsuite> <!-- Khus.Khushbu -->
