<?xml version="1.0" encoding="UTF-8"?>
<!-- Generated by org.testng.reporters.JUnitReportReporter -->
<testsuite hostname="DESKTOP-7UATLC7" failures="0" tests="2" name="Khus.Khushbu" time="14.428" errors="0" timestamp="2023-08-24T11:07:46 IST" skipped="0">
  <testcase classname="Khus.Khushbu" name="GooglePixeldetails" time="7.228"/>
  <testcase classname="Khus.Khushbu" name="OpenCart" time="7.200"/>
</testsuite> <!-- Khus.Khushbu -->
